生成启动时间为 2013/8/18 0:48:37。
     1>项目“D:\WorkSpace\C++\win32_socket\win32_socket.vcxproj”在节点 2 上(build 个目标)。
     1>InitializeBuildStatus:
         正在对“Debug\win32_socket.unsuccessfulbuild”执行 Touch 任务。
       ClCompile:
         D:\Program Files\Microsoft Visual Studio 10.0\VC\bin\CL.exe /c /ZI /nologo /W3 /WX- /Od /Oy- /D WIN32 /D _DEBUG /D _CONSOLE /D _UNICODE /D UNICODE /Gm /EHsc /RTC1 /MDd /GS /fp:precise /Zc:wchar_t /Zc:forScope /Fo"Debug\\" /Fd"Debug\vc100.pdb" /Gd /TP /analyze- /errorReport:prompt win32_socket_server.cpp
         win32_socket_server.cpp
       ManifestResourceCompile:
         所有输出均为最新。
       Link:
         D:\Program Files\Microsoft Visual Studio 10.0\VC\bin\link.exe /ERRORREPORT:PROMPT /OUT:"D:\WorkSpace\C++\win32_socket\Debug\win32_socket.exe" /INCREMENTAL /NOLOGO kernel32.lib user32.lib gdi32.lib winspool.lib comdlg32.lib advapi32.lib shell32.lib ole32.lib oleaut32.lib uuid.lib odbc32.lib odbccp32.lib /MANIFEST /ManifestFile:"Debug\win32_socket.exe.intermediate.manifest" /MANIFESTUAC:"level='asInvoker' uiAccess='false'" /DEBUG /PDB:"D:\WorkSpace\C++\win32_socket\Debug\win32_socket.pdb" /SUBSYSTEM:CONSOLE /TLBID:1 /DYNAMICBASE /NXCOMPAT /IMPLIB:"D:\WorkSpace\C++\win32_socket\Debug\win32_socket.lib" /MACHINE:X86 Debug\win32_socket.exe.embed.manifest.res
         Debug\win32_socket_server.obj
       Manifest:
         C:\Program Files (x86)\Microsoft SDKs\Windows\v7.0A\bin\mt.exe /nologo /verbose /out:"Debug\win32_socket.exe.embed.manifest" /manifest Debug\win32_socket.exe.intermediate.manifest
         C:\Program Files (x86)\Microsoft SDKs\Windows\v7.0A\bin\rc.exe /nologo /fo"Debug\win32_socket.exe.embed.manifest.res" Debug\win32_socket_manifest.rc 
       LinkEmbedManifest:
         D:\Program Files\Microsoft Visual Studio 10.0\VC\bin\link.exe /ERRORREPORT:PROMPT /OUT:"D:\WorkSpace\C++\win32_socket\Debug\win32_socket.exe" /INCREMENTAL /NOLOGO kernel32.lib user32.lib gdi32.lib winspool.lib comdlg32.lib advapi32.lib shell32.lib ole32.lib oleaut32.lib uuid.lib odbc32.lib odbccp32.lib /MANIFEST /ManifestFile:"Debug\win32_socket.exe.intermediate.manifest" /MANIFESTUAC:"level='asInvoker' uiAccess='false'" /DEBUG /PDB:"D:\WorkSpace\C++\win32_socket\Debug\win32_socket.pdb" /SUBSYSTEM:CONSOLE /TLBID:1 /DYNAMICBASE /NXCOMPAT /IMPLIB:"D:\WorkSpace\C++\win32_socket\Debug\win32_socket.lib" /MACHINE:X86 Debug\win32_socket.exe.embed.manifest.res
         Debug\win32_socket_server.obj
         win32_socket.vcxproj -> D:\WorkSpace\C++\win32_socket\Debug\win32_socket.exe
       FinalizeBuildStatus:
         正在删除文件“Debug\win32_socket.unsuccessfulbuild”。
         正在对“Debug\win32_socket.lastbuildstate”执行 Touch 任务。
     1>已完成生成项目“D:\WorkSpace\C++\win32_socket\win32_socket.vcxproj”(build 个目标)的操作。

生成成功。

已用时间 00:00:01.87
